SF:lib/utils/cache_util.dart
DA:6,0
DA:7,1
DA:8,3
DA:10,1
DA:13,1
DA:14,2
DA:16,1
DA:20,1
DA:21,1
DA:24,1
DA:25,2
DA:27,1
DA:28,2
DA:30,1
DA:31,2
DA:33,0
DA:34,0
DA:36,0
DA:37,0
DA:44,1
DA:47,0
DA:54,0
DA:55,0
DA:56,0
DA:58,0
DA:59,0
DA:68,1
DA:69,2
DA:73,1
DA:74,2
DA:78,0
DA:79,0
DA:83,1
DA:84,2
DA:88,0
DA:92,0
DA:96,0
DA:97,0
DA:99,0
DA:100,0
DA:101,0
DA:107,0
DA:108,0
DA:112,0
DA:113,0
DA:117,0
DA:118,0
DA:122,0
DA:123,0
DA:127,0
DA:128,0
LF:51
LH:21
end_of_record
SF:lib/utils/common_util.dart
DA:8,0
DA:9,0
DA:16,1
DA:21,1
DA:25,1
DA:27,3
DA:28,1
DA:32,3
DA:33,1
DA:34,1
DA:42,3
DA:44,1
DA:50,2
DA:51,4
DA:52,1
DA:53,4
DA:55,1
DA:61,0
DA:63,0
DA:68,0
DA:72,1
DA:73,1
DA:78,1
DA:79,1
DA:81,1
DA:82,1
DA:83,1
DA:84,1
DA:85,1
DA:86,2
DA:87,1
DA:90,1
DA:92,0
DA:96,2
LF:34
LH:28
end_of_record
SF:lib/utils/screen_util.dart
DA:5,0
DA:6,0
DA:7,0
DA:25,0
DA:26,0
DA:29,0
DA:37,0
DA:38,0
DA:39,0
DA:40,0
DA:41,0
DA:42,0
DA:43,0
DA:44,0
DA:45,0
DA:49,0
DA:52,0
DA:55,0
DA:58,0
DA:59,0
DA:62,0
DA:63,0
DA:66,0
DA:69,0
DA:72,0
DA:75,0
DA:77,0
DA:78,0
DA:83,0
DA:91,0
DA:94,0
DA:98,0
LF:32
LH:0
end_of_record
